2025-01-15 08:15:25.661 [info] Extension host with pid 18873 started
2025-01-15 08:15:25.672 [info] Lock '/root/.vscode-server/data/User/workspaceStorage/026f441fe009255ee0d2478998dbc222/vscode.lock': Lock acquired.
2025-01-15 08:15:25.788 [info] ExtensionService#_doActivateExtension vscode.emmet, startup: false, activationEvent: 'onLanguage'
2025-01-15 08:15:25.790 [info] ExtensionService#_doActivateExtension vscode.git-base, startup: false, activationEvent: '*', root cause: vscode.git
2025-01-15 08:15:25.791 [info] ExtensionService#_doActivateExtension oderwat.indent-rainbow, startup: false, activationEvent: '*'
2025-01-15 08:15:25.791 [info] ExtensionService#_doActivateExtension redhat.vscode-yaml, startup: false, activationEvent: 'onLanguage:yaml', root cause: ms-kubernetes-tools.vscode-kubernetes-tools
2025-01-15 08:15:26.048 [info] ExtensionService#_doActivateExtension ms-kubernetes-tools.vscode-kubernetes-tools, startup: false, activationEvent: 'onLanguage:yaml'
2025-01-15 08:15:26.631 [info] ExtensionService#_doActivateExtension vscode.git, startup: false, activationEvent: '*'
2025-01-15 08:15:26.635 [info] ExtensionService#_doActivateExtension vscode.github, startup: false, activationEvent: '*'
2025-01-15 08:15:27.312 [info] Eager extensions activated
2025-01-15 08:15:27.320 [info] ExtensionService#_doActivateExtension vscode.debug-auto-launch, startup: false, activationEvent: 'onStartupFinished'
2025-01-15 08:15:27.324 [info] ExtensionService#_doActivateExtension vscode.merge-conflict, startup: false, activationEvent: 'onStartupFinished'
2025-01-15 08:15:27.346 [warning] [redhat.vscode-yaml] Accessing a resource scoped configuration without providing a resource is not expected. To get the effective value for '[yaml]', provide the URI of a resource or 'null' for any resource.
2025-01-15 08:15:27.351 [warning] [redhat.vscode-yaml] Accessing a resource scoped configuration without providing a resource is not expected. To get the effective value for '[yaml]', provide the URI of a resource or 'null' for any resource.
2025-01-15 08:15:29.819 [error] AggregateError: 
	at internalConnectMultiple (node:net:1122:18)
	at internalConnectMultiple (node:net:1190:5)
	at Timeout.internalConnectMultipleTimeout (node:net:1716:5)
	at listOnTimeout (node:internal/timers:583:11)
	at process.processTimers (node:internal/timers:519:7)
2025-01-15 08:15:32.602 [error] AggregateError: 
	at internalConnectMultiple (node:net:1122:18)
	at internalConnectMultiple (node:net:1190:5)
	at Timeout.internalConnectMultipleTimeout (node:net:1716:5)
	at listOnTimeout (node:internal/timers:583:11)
	at process.processTimers (node:internal/timers:519:7)
2025-01-15 08:20:20.830 [info] ExtensionService#_doActivateExtension vscode.npm, startup: false, activationEvent: 'onTerminalQuickFixRequest:ms-vscode.npm-command'
2025-01-15 08:20:25.972 [info] ExtensionService#_doActivateExtension vscode.configuration-editing, startup: false, activationEvent: 'onLanguage:json'
2025-01-15 08:20:25.972 [info] ExtensionService#_doActivateExtension vscode.extension-editing, startup: false, activationEvent: 'onLanguage:json'
2025-01-15 08:20:25.973 [info] ExtensionService#_doActivateExtension vscode.json-language-features, startup: false, activationEvent: 'onLanguage:json'
2025-01-15 08:23:42.721 [info] Extension host terminating: received terminate message from renderer
2025-01-15 08:23:42.721 [info] Lock '/root/.vscode-server/data/User/workspaceStorage/026f441fe009255ee0d2478998dbc222/vscode.lock': Marking the lockfile as scheduled to be released in 6000 ms.
2025-01-15 08:23:42.817 [info] Extension host with pid 18873 exiting with code 0
