2025-01-17 00:51:16.584 [info] Extension host with pid 3346 started
2025-01-17 00:51:16.601 [error] Error: EEXIST: file already exists, open '/root/.vscode-server/data/User/workspaceStorage/026f441fe009255ee0d2478998dbc222/vscode.lock'
2025-01-17 00:51:16.637 [info] Lock '/root/.vscode-server/data/User/workspaceStorage/026f441fe009255ee0d2478998dbc222/vscode.lock': Could not acquire lock, checking if the file is stale.
2025-01-17 00:51:16.690 [info] Lock '/root/.vscode-server/data/User/workspaceStorage/026f441fe009255ee0d2478998dbc222/vscode.lock': The pid 3569 appears to be gone.
2025-01-17 00:51:16.691 [info] Lock '/root/.vscode-server/data/User/workspaceStorage/026f441fe009255ee0d2478998dbc222/vscode.lock': Deleting a stale lock.
2025-01-17 00:51:16.730 [info] Lock '/root/.vscode-server/data/User/workspaceStorage/026f441fe009255ee0d2478998dbc222/vscode.lock': Lock acquired.
2025-01-17 00:51:16.868 [info] ExtensionService#_doActivateExtension vscode.git-base, startup: false, activationEvent: '*', root cause: vscode.git
2025-01-17 00:51:16.872 [info] ExtensionService#_doActivateExtension vscode.emmet, startup: false, activationEvent: 'onLanguage'
2025-01-17 00:51:16.873 [info] ExtensionService#_doActivateExtension redhat.vscode-yaml, startup: false, activationEvent: 'onLanguage:yaml', root cause: ms-kubernetes-tools.vscode-kubernetes-tools
2025-01-17 00:51:17.382 [info] ExtensionService#_doActivateExtension ms-kubernetes-tools.vscode-kubernetes-tools, startup: false, activationEvent: 'onLanguage:yaml'
2025-01-17 00:51:18.161 [info] ExtensionService#_doActivateExtension vscode.git, startup: false, activationEvent: '*'
2025-01-17 00:51:18.161 [info] ExtensionService#_doActivateExtension vscode.github, startup: false, activationEvent: '*'
2025-01-17 00:51:19.150 [info] Eager extensions activated
2025-01-17 00:51:19.150 [info] ExtensionService#_doActivateExtension vscode.debug-auto-launch, startup: false, activationEvent: 'onStartupFinished'
2025-01-17 00:51:19.151 [info] ExtensionService#_doActivateExtension vscode.merge-conflict, startup: false, activationEvent: 'onStartupFinished'
2025-01-17 00:51:19.190 [warning] [redhat.vscode-yaml] Accessing a resource scoped configuration without providing a resource is not expected. To get the effective value for '[yaml]', provide the URI of a resource or 'null' for any resource.
2025-01-17 00:51:19.200 [warning] [redhat.vscode-yaml] Accessing a resource scoped configuration without providing a resource is not expected. To get the effective value for '[yaml]', provide the URI of a resource or 'null' for any resource.
2025-01-17 00:51:40.569 [info] ExtensionService#_doActivateExtension vscode.npm, startup: false, activationEvent: 'onTerminalQuickFixRequest:ms-vscode.npm-command'
2025-01-17 00:51:45.719 [info] ExtensionService#_doActivateExtension vscode.configuration-editing, startup: false, activationEvent: 'onLanguage:json'
2025-01-17 00:51:45.719 [info] ExtensionService#_doActivateExtension vscode.extension-editing, startup: false, activationEvent: 'onLanguage:json'
2025-01-17 00:51:45.719 [info] ExtensionService#_doActivateExtension vscode.json-language-features, startup: false, activationEvent: 'onLanguage:json'
2025-01-17 00:54:16.473 [warning] redhat.vscode-yaml - Code actions of kind 'quickfix' requested but returned code action does not have a 'kind'. Code action will be dropped. Please set 'CodeAction.kind'.
2025-01-17 02:18:28.447 [warning] redhat.vscode-yaml - Code actions of kind 'quickfix' requested but returned code action does not have a 'kind'. Code action will be dropped. Please set 'CodeAction.kind'.
2025-01-17 02:56:22.814 [info] Extension host terminating: received terminate message from renderer
2025-01-17 02:56:22.817 [info] Lock '/root/.vscode-server/data/User/workspaceStorage/026f441fe009255ee0d2478998dbc222/vscode.lock': Marking the lockfile as scheduled to be released in 6000 ms.
2025-01-17 02:56:22.988 [error] Canceled: Canceled
	at new IT (file:///root/.vscode-server/cli/servers/Stable-91fbdddc47bc9c09064bf7acf133d22631cbf083/server/out/vs/workbench/api/node/extensionHostProcess.js:32:153476)
	at Dy.U (file:///root/.vscode-server/cli/servers/Stable-91fbdddc47bc9c09064bf7acf133d22631cbf083/server/out/vs/workbench/api/node/extensionHostProcess.js:32:158086)
	at s.<computed>.n.charCodeAt.s.<computed> (file:///root/.vscode-server/cli/servers/Stable-91fbdddc47bc9c09064bf7acf133d22631cbf083/server/out/vs/workbench/api/node/extensionHostProcess.js:32:155580)
	at cw.g (file:///root/.vscode-server/cli/servers/Stable-91fbdddc47bc9c09064bf7acf133d22631cbf083/server/out/vs/workbench/api/node/extensionHostProcess.js:115:32313)
	at cw.executeCommand (file:///root/.vscode-server/cli/servers/Stable-91fbdddc47bc9c09064bf7acf133d22631cbf083/server/out/vs/workbench/api/node/extensionHostProcess.js:115:31817)
	at r.registerCommand.description (file:///root/.vscode-server/cli/servers/Stable-91fbdddc47bc9c09064bf7acf133d22631cbf083/server/out/vs/workbench/api/node/extensionHostProcess.js:115:31147)
	at cw.h (file:///root/.vscode-server/cli/servers/Stable-91fbdddc47bc9c09064bf7acf133d22631cbf083/server/out/vs/workbench/api/node/extensionHostProcess.js:115:32833)
	at cw.g (file:///root/.vscode-server/cli/servers/Stable-91fbdddc47bc9c09064bf7acf133d22631cbf083/server/out/vs/workbench/api/node/extensionHostProcess.js:115:31910)
	at cw.executeCommand (file:///root/.vscode-server/cli/servers/Stable-91fbdddc47bc9c09064bf7acf133d22631cbf083/server/out/vs/workbench/api/node/extensionHostProcess.js:115:31817)
	at Object.executeCommand (file:///root/.vscode-server/cli/servers/Stable-91fbdddc47bc9c09064bf7acf133d22631cbf083/server/out/vs/workbench/api/node/extensionHostProcess.js:157:37484)
	at Sh.L [as value] (/root/.vscode-server/cli/servers/Stable-91fbdddc47bc9c09064bf7acf133d22631cbf083/server/extensions/git/dist/main.js:2:975601)
	at P.B (file:///root/.vscode-server/cli/servers/Stable-91fbdddc47bc9c09064bf7acf133d22631cbf083/server/out/vs/workbench/api/node/extensionHostProcess.js:30:746)
	at P.C (file:///root/.vscode-server/cli/servers/Stable-91fbdddc47bc9c09064bf7acf133d22631cbf083/server/out/vs/workbench/api/node/extensionHostProcess.js:30:816)
	at P.fire (file:///root/.vscode-server/cli/servers/Stable-91fbdddc47bc9c09064bf7acf133d22631cbf083/server/out/vs/workbench/api/node/extensionHostProcess.js:30:1033)
	at Object.p [as dispose] (/root/.vscode-server/cli/servers/Stable-91fbdddc47bc9c09064bf7acf133d22631cbf083/server/extensions/git/dist/main.js:2:997158)
	at /root/.vscode-server/cli/servers/Stable-91fbdddc47bc9c09064bf7acf133d22631cbf083/server/extensions/git/dist/main.js:2:1003280
	at Array.forEach (<anonymous>)
	at b.dispose (/root/.vscode-server/cli/servers/Stable-91fbdddc47bc9c09064bf7acf133d22631cbf083/server/extensions/git/dist/main.js:2:1003266)
	at ev.<anonymous> (file:///root/.vscode-server/cli/servers/Stable-91fbdddc47bc9c09064bf7acf133d22631cbf083/server/out/vs/workbench/api/node/extensionHostProcess.js:109:20047)
	at ev.dispose (file:///root/.vscode-server/cli/servers/Stable-91fbdddc47bc9c09064bf7acf133d22631cbf083/server/out/vs/workbench/api/node/extensionHostProcess.js:109:20143)
	at ev.<anonymous> (/root/.vscode-server/cli/servers/Stable-91fbdddc47bc9c09064bf7acf133d22631cbf083/server/extensions/git/dist/main.js:2:978080)
	at ev.dispose (file:///root/.vscode-server/cli/servers/Stable-91fbdddc47bc9c09064bf7acf133d22631cbf083/server/out/vs/workbench/api/node/extensionHostProcess.js:109:20143)
	at ai (file:///root/.vscode-server/cli/servers/Stable-91fbdddc47bc9c09064bf7acf133d22631cbf083/server/out/vs/workbench/api/node/extensionHostProcess.js:25:699)
	at file:///root/.vscode-server/cli/servers/Stable-91fbdddc47bc9c09064bf7acf133d22631cbf083/server/out/vs/workbench/api/node/extensionHostProcess.js:119:14992
	at file:///root/.vscode-server/cli/servers/Stable-91fbdddc47bc9c09064bf7acf133d22631cbf083/server/out/vs/workbench/api/node/extensionHostProcess.js:25:1009
	at Object.dispose (file:///root/.vscode-server/cli/servers/Stable-91fbdddc47bc9c09064bf7acf133d22631cbf083/server/out/vs/workbench/api/node/extensionHostProcess.js:8:705)
	at zz.eb (file:///root/.vscode-server/cli/servers/Stable-91fbdddc47bc9c09064bf7acf133d22631cbf083/server/out/vs/workbench/api/node/extensionHostProcess.js:119:11919)
	at file:///root/.vscode-server/cli/servers/Stable-91fbdddc47bc9c09064bf7acf133d22631cbf083/server/out/vs/workbench/api/node/extensionHostProcess.js:119:9874
	at Array.map (<anonymous>)
	at zz.$ (file:///root/.vscode-server/cli/servers/Stable-91fbdddc47bc9c09064bf7acf133d22631cbf083/server/out/vs/workbench/api/node/extensionHostProcess.js:119:9862)
	at zz.terminate (file:///root/.vscode-server/cli/servers/Stable-91fbdddc47bc9c09064bf7acf133d22631cbf083/server/out/vs/workbench/api/node/extensionHostProcess.js:119:10105)
	at Q3.terminate (file:///root/.vscode-server/cli/servers/Stable-91fbdddc47bc9c09064bf7acf133d22631cbf083/server/out/vs/workbench/api/node/extensionHostProcess.js:120:1424)
	at Zi (file:///root/.vscode-server/cli/servers/Stable-91fbdddc47bc9c09064bf7acf133d22631cbf083/server/out/vs/workbench/api/node/extensionHostProcess.js:175:15080)
	at Sh.value (file:///root/.vscode-server/cli/servers/Stable-91fbdddc47bc9c09064bf7acf133d22631cbf083/server/out/vs/workbench/api/node/extensionHostProcess.js:175:13241)
	at P.B (file:///root/.vscode-server/cli/servers/Stable-91fbdddc47bc9c09064bf7acf133d22631cbf083/server/out/vs/workbench/api/node/extensionHostProcess.js:30:746)
	at P.fire (file:///root/.vscode-server/cli/servers/Stable-91fbdddc47bc9c09064bf7acf133d22631cbf083/server/out/vs/workbench/api/node/extensionHostProcess.js:30:964)
	at Vn.fire (file:///root/.vscode-server/cli/servers/Stable-91fbdddc47bc9c09064bf7acf133d22631cbf083/server/out/vs/workbench/api/node/extensionHostProcess.js:32:9457)
	at Wm.A (file:///root/.vscode-server/cli/servers/Stable-91fbdddc47bc9c09064bf7acf133d22631cbf083/server/out/vs/workbench/api/node/extensionHostProcess.js:32:12573)
	at Sh.value (file:///root/.vscode-server/cli/servers/Stable-91fbdddc47bc9c09064bf7acf133d22631cbf083/server/out/vs/workbench/api/node/extensionHostProcess.js:32:10993)
	at P.B (file:///root/.vscode-server/cli/servers/Stable-91fbdddc47bc9c09064bf7acf133d22631cbf083/server/out/vs/workbench/api/node/extensionHostProcess.js:30:746)
	at P.fire (file:///root/.vscode-server/cli/servers/Stable-91fbdddc47bc9c09064bf7acf133d22631cbf083/server/out/vs/workbench/api/node/extensionHostProcess.js:30:964)
	at s6.acceptChunk (file:///root/.vscode-server/cli/servers/Stable-91fbdddc47bc9c09064bf7acf133d22631cbf083/server/out/vs/workbench/api/node/extensionHostProcess.js:32:7940)
	at file:///root/.vscode-server/cli/servers/Stable-91fbdddc47bc9c09064bf7acf133d22631cbf083/server/out/vs/workbench/api/node/extensionHostProcess.js:32:7226
	at Socket.t (file:///root/.vscode-server/cli/servers/Stable-91fbdddc47bc9c09064bf7acf133d22631cbf083/server/out/vs/workbench/api/node/extensionHostProcess.js:32:15451)
	at Socket.emit (node:events:518:28)
	at addChunk (node:internal/streams/readable:561:12)
	at readableAddChunkPushByteMode (node:internal/streams/readable:512:3)
	at Readable.push (node:internal/streams/readable:392:5)
	at Pipe.onStreamRead (node:internal/stream_base_commons:191:23) setContext undefined
2025-01-17 02:56:22.992 [error] Canceled: Canceled
	at new IT (file:///root/.vscode-server/cli/servers/Stable-91fbdddc47bc9c09064bf7acf133d22631cbf083/server/out/vs/workbench/api/node/extensionHostProcess.js:32:153476)
	at Dy.U (file:///root/.vscode-server/cli/servers/Stable-91fbdddc47bc9c09064bf7acf133d22631cbf083/server/out/vs/workbench/api/node/extensionHostProcess.js:32:158086)
	at s.<computed>.n.charCodeAt.s.<computed> (file:///root/.vscode-server/cli/servers/Stable-91fbdddc47bc9c09064bf7acf133d22631cbf083/server/out/vs/workbench/api/node/extensionHostProcess.js:32:155580)
	at cw.g (file:///root/.vscode-server/cli/servers/Stable-91fbdddc47bc9c09064bf7acf133d22631cbf083/server/out/vs/workbench/api/node/extensionHostProcess.js:115:32313)
	at cw.executeCommand (file:///root/.vscode-server/cli/servers/Stable-91fbdddc47bc9c09064bf7acf133d22631cbf083/server/out/vs/workbench/api/node/extensionHostProcess.js:115:31817)
	at r.registerCommand.description (file:///root/.vscode-server/cli/servers/Stable-91fbdddc47bc9c09064bf7acf133d22631cbf083/server/out/vs/workbench/api/node/extensionHostProcess.js:115:31147)
	at cw.h (file:///root/.vscode-server/cli/servers/Stable-91fbdddc47bc9c09064bf7acf133d22631cbf083/server/out/vs/workbench/api/node/extensionHostProcess.js:115:32833)
	at cw.g (file:///root/.vscode-server/cli/servers/Stable-91fbdddc47bc9c09064bf7acf133d22631cbf083/server/out/vs/workbench/api/node/extensionHostProcess.js:115:31910)
	at cw.executeCommand (file:///root/.vscode-server/cli/servers/Stable-91fbdddc47bc9c09064bf7acf133d22631cbf083/server/out/vs/workbench/api/node/extensionHostProcess.js:115:31817)
	at Object.executeCommand (file:///root/.vscode-server/cli/servers/Stable-91fbdddc47bc9c09064bf7acf133d22631cbf083/server/out/vs/workbench/api/node/extensionHostProcess.js:157:37484)
	at set hasGitHubRepositories [as hasGitHubRepositories] (/root/.vscode-server/cli/servers/Stable-91fbdddc47bc9c09064bf7acf133d22631cbf083/server/extensions/github/dist/extension.js:2:328633)
	at /root/.vscode-server/cli/servers/Stable-91fbdddc47bc9c09064bf7acf133d22631cbf083/server/extensions/github/dist/extension.js:2:329592
	at Sh.value (/root/.vscode-server/cli/servers/Stable-91fbdddc47bc9c09064bf7acf133d22631cbf083/server/extensions/git/dist/main.js:2:1088462)
	at P.B (file:///root/.vscode-server/cli/servers/Stable-91fbdddc47bc9c09064bf7acf133d22631cbf083/server/out/vs/workbench/api/node/extensionHostProcess.js:30:746)
	at P.C (file:///root/.vscode-server/cli/servers/Stable-91fbdddc47bc9c09064bf7acf133d22631cbf083/server/out/vs/workbench/api/node/extensionHostProcess.js:30:816)
	at P.fire (file:///root/.vscode-server/cli/servers/Stable-91fbdddc47bc9c09064bf7acf133d22631cbf083/server/out/vs/workbench/api/node/extensionHostProcess.js:30:1033)
	at Object.p [as dispose] (/root/.vscode-server/cli/servers/Stable-91fbdddc47bc9c09064bf7acf133d22631cbf083/server/extensions/git/dist/main.js:2:997158)
	at /root/.vscode-server/cli/servers/Stable-91fbdddc47bc9c09064bf7acf133d22631cbf083/server/extensions/git/dist/main.js:2:1003280
	at Array.forEach (<anonymous>)
	at b.dispose (/root/.vscode-server/cli/servers/Stable-91fbdddc47bc9c09064bf7acf133d22631cbf083/server/extensions/git/dist/main.js:2:1003266)
	at ev.<anonymous> (file:///root/.vscode-server/cli/servers/Stable-91fbdddc47bc9c09064bf7acf133d22631cbf083/server/out/vs/workbench/api/node/extensionHostProcess.js:109:20047)
	at ev.dispose (file:///root/.vscode-server/cli/servers/Stable-91fbdddc47bc9c09064bf7acf133d22631cbf083/server/out/vs/workbench/api/node/extensionHostProcess.js:109:20143)
	at ev.<anonymous> (/root/.vscode-server/cli/servers/Stable-91fbdddc47bc9c09064bf7acf133d22631cbf083/server/extensions/git/dist/main.js:2:978080)
	at ev.dispose (file:///root/.vscode-server/cli/servers/Stable-91fbdddc47bc9c09064bf7acf133d22631cbf083/server/out/vs/workbench/api/node/extensionHostProcess.js:109:20143)
	at ai (file:///root/.vscode-server/cli/servers/Stable-91fbdddc47bc9c09064bf7acf133d22631cbf083/server/out/vs/workbench/api/node/extensionHostProcess.js:25:699)
	at file:///root/.vscode-server/cli/servers/Stable-91fbdddc47bc9c09064bf7acf133d22631cbf083/server/out/vs/workbench/api/node/extensionHostProcess.js:119:14992
	at file:///root/.vscode-server/cli/servers/Stable-91fbdddc47bc9c09064bf7acf133d22631cbf083/server/out/vs/workbench/api/node/extensionHostProcess.js:25:1009
	at Object.dispose (file:///root/.vscode-server/cli/servers/Stable-91fbdddc47bc9c09064bf7acf133d22631cbf083/server/out/vs/workbench/api/node/extensionHostProcess.js:8:705)
	at zz.eb (file:///root/.vscode-server/cli/servers/Stable-91fbdddc47bc9c09064bf7acf133d22631cbf083/server/out/vs/workbench/api/node/extensionHostProcess.js:119:11919)
	at file:///root/.vscode-server/cli/servers/Stable-91fbdddc47bc9c09064bf7acf133d22631cbf083/server/out/vs/workbench/api/node/extensionHostProcess.js:119:9874
	at Array.map (<anonymous>)
	at zz.$ (file:///root/.vscode-server/cli/servers/Stable-91fbdddc47bc9c09064bf7acf133d22631cbf083/server/out/vs/workbench/api/node/extensionHostProcess.js:119:9862)
	at zz.terminate (file:///root/.vscode-server/cli/servers/Stable-91fbdddc47bc9c09064bf7acf133d22631cbf083/server/out/vs/workbench/api/node/extensionHostProcess.js:119:10105)
	at Q3.terminate (file:///root/.vscode-server/cli/servers/Stable-91fbdddc47bc9c09064bf7acf133d22631cbf083/server/out/vs/workbench/api/node/extensionHostProcess.js:120:1424)
	at Zi (file:///root/.vscode-server/cli/servers/Stable-91fbdddc47bc9c09064bf7acf133d22631cbf083/server/out/vs/workbench/api/node/extensionHostProcess.js:175:15080)
	at Sh.value (file:///root/.vscode-server/cli/servers/Stable-91fbdddc47bc9c09064bf7acf133d22631cbf083/server/out/vs/workbench/api/node/extensionHostProcess.js:175:13241)
	at P.B (file:///root/.vscode-server/cli/servers/Stable-91fbdddc47bc9c09064bf7acf133d22631cbf083/server/out/vs/workbench/api/node/extensionHostProcess.js:30:746)
	at P.fire (file:///root/.vscode-server/cli/servers/Stable-91fbdddc47bc9c09064bf7acf133d22631cbf083/server/out/vs/workbench/api/node/extensionHostProcess.js:30:964)
	at Vn.fire (file:///root/.vscode-server/cli/servers/Stable-91fbdddc47bc9c09064bf7acf133d22631cbf083/server/out/vs/workbench/api/node/extensionHostProcess.js:32:9457)
	at Wm.A (file:///root/.vscode-server/cli/servers/Stable-91fbdddc47bc9c09064bf7acf133d22631cbf083/server/out/vs/workbench/api/node/extensionHostProcess.js:32:12573)
	at Sh.value (file:///root/.vscode-server/cli/servers/Stable-91fbdddc47bc9c09064bf7acf133d22631cbf083/server/out/vs/workbench/api/node/extensionHostProcess.js:32:10993)
	at P.B (file:///root/.vscode-server/cli/servers/Stable-91fbdddc47bc9c09064bf7acf133d22631cbf083/server/out/vs/workbench/api/node/extensionHostProcess.js:30:746)
	at P.fire (file:///root/.vscode-server/cli/servers/Stable-91fbdddc47bc9c09064bf7acf133d22631cbf083/server/out/vs/workbench/api/node/extensionHostProcess.js:30:964)
	at s6.acceptChunk (file:///root/.vscode-server/cli/servers/Stable-91fbdddc47bc9c09064bf7acf133d22631cbf083/server/out/vs/workbench/api/node/extensionHostProcess.js:32:7940)
	at file:///root/.vscode-server/cli/servers/Stable-91fbdddc47bc9c09064bf7acf133d22631cbf083/server/out/vs/workbench/api/node/extensionHostProcess.js:32:7226
	at Socket.t (file:///root/.vscode-server/cli/servers/Stable-91fbdddc47bc9c09064bf7acf133d22631cbf083/server/out/vs/workbench/api/node/extensionHostProcess.js:32:15451)
	at Socket.emit (node:events:518:28)
	at addChunk (node:internal/streams/readable:561:12)
	at readableAddChunkPushByteMode (node:internal/streams/readable:512:3)
	at Readable.push (node:internal/streams/readable:392:5)
	at Pipe.onStreamRead (node:internal/stream_base_commons:191:23) setContext undefined
2025-01-17 02:56:22.999 [info] Extension host with pid 3346 exiting with code 0
