2025-01-16 01:00:50.822 [info] Extension host with pid 4697 started
2025-01-16 01:00:50.865 [info] Lock '/root/.vscode-server/data/User/workspaceStorage/026f441fe009255ee0d2478998dbc222/vscode.lock': Lock acquired.
2025-01-16 01:00:50.897 [info] ExtensionService#_doActivateExtension vscode.git-base, startup: false, activationEvent: '*', root cause: vscode.git
2025-01-16 01:00:50.899 [info] ExtensionService#_doActivateExtension vscode.emmet, startup: false, activationEvent: 'onLanguage'
2025-01-16 01:00:50.900 [info] ExtensionService#_doActivateExtension redhat.vscode-yaml, startup: false, activationEvent: 'onLanguage:yaml', root cause: ms-kubernetes-tools.vscode-kubernetes-tools
2025-01-16 01:00:51.296 [info] ExtensionService#_doActivateExtension ms-kubernetes-tools.vscode-kubernetes-tools, startup: false, activationEvent: 'onLanguage:yaml'
2025-01-16 01:00:52.125 [info] ExtensionService#_doActivateExtension vscode.git, startup: false, activationEvent: '*'
2025-01-16 01:00:52.126 [info] ExtensionService#_doActivateExtension vscode.github, startup: false, activationEvent: '*'
2025-01-16 01:00:53.069 [info] Eager extensions activated
2025-01-16 01:00:53.071 [info] ExtensionService#_doActivateExtension vscode.debug-auto-launch, startup: false, activationEvent: 'onStartupFinished'
2025-01-16 01:00:53.072 [info] ExtensionService#_doActivateExtension vscode.merge-conflict, startup: false, activationEvent: 'onStartupFinished'
2025-01-16 01:00:53.394 [warning] [redhat.vscode-yaml] Accessing a resource scoped configuration without providing a resource is not expected. To get the effective value for '[yaml]', provide the URI of a resource or 'null' for any resource.
2025-01-16 01:00:53.403 [warning] [redhat.vscode-yaml] Accessing a resource scoped configuration without providing a resource is not expected. To get the effective value for '[yaml]', provide the URI of a resource or 'null' for any resource.
2025-01-16 01:01:34.690 [warning] [redhat.vscode-yaml] Accessing a resource scoped configuration without providing a resource is not expected. To get the effective value for '[yaml]', provide the URI of a resource or 'null' for any resource.
2025-01-16 01:01:34.729 [warning] [Decorations] CAPPING events from decorations provider vscode.git 1923
2025-01-16 01:01:36.255 [warning] [Decorations] CAPPING events from decorations provider vscode.git 1923
2025-01-16 01:01:41.310 [warning] [Decorations] CAPPING events from decorations provider vscode.git 1923
2025-01-16 01:01:46.355 [warning] [Decorations] CAPPING events from decorations provider vscode.git 1923
2025-01-16 01:01:52.206 [warning] [Decorations] CAPPING events from decorations provider vscode.git 1923
2025-01-16 01:01:57.248 [warning] [Decorations] CAPPING events from decorations provider vscode.git 1923
2025-01-16 01:02:04.209 [warning] [Decorations] CAPPING events from decorations provider vscode.git 1923
2025-01-16 01:04:04.976 [info] ExtensionService#_doActivateExtension vscode.npm, startup: false, activationEvent: 'onTerminalQuickFixRequest:ms-vscode.npm-command'
2025-01-16 01:04:10.142 [info] ExtensionService#_doActivateExtension vscode.configuration-editing, startup: false, activationEvent: 'onLanguage:json'
2025-01-16 01:04:10.142 [info] ExtensionService#_doActivateExtension vscode.extension-editing, startup: false, activationEvent: 'onLanguage:json'
2025-01-16 01:04:10.144 [info] ExtensionService#_doActivateExtension vscode.json-language-features, startup: false, activationEvent: 'onLanguage:json'
2025-01-16 01:05:21.184 [warning] [Decorations] CAPPING events from decorations provider vscode.git 1924
2025-01-16 01:05:21.420 [warning] [redhat.vscode-yaml] Accessing a resource scoped configuration without providing a resource is not expected. To get the effective value for '[yaml]', provide the URI of a resource or 'null' for any resource.
