2025-01-15 07:51:43.958 [info] [main] 로그 수준: Info
2025-01-15 07:51:43.958 [info] [main] "git"에서 찾은 git 유효성을 검사하는 중
2025-01-15 07:51:43.958 [info] [main] "2.25.1"에서 git "git"을(를) 사용하는 중
2025-01-15 07:51:43.958 [info] [Model][doInitialScan] Initial repository scan started
2025-01-15 07:51:43.958 [info] > git rev-parse --show-toplevel [24ms]
2025-01-15 07:51:43.958 [info] fatal: not a git repository (or any of the parent directories): .git
2025-01-15 07:51:43.964 [info] > git rev-parse --show-toplevel [2ms]
2025-01-15 07:51:43.964 [info] fatal: not a git repository (or any of the parent directories): .git
2025-01-15 07:51:43.970 [info] > git rev-parse --show-toplevel [2ms]
2025-01-15 07:51:43.970 [info] fatal: not a git repository (or any of the parent directories): .git
2025-01-15 07:51:43.977 [info] > git rev-parse --show-toplevel [2ms]
2025-01-15 07:51:43.977 [info] fatal: not a git repository (or any of the parent directories): .git
2025-01-15 07:51:44.033 [info] > git rev-parse --show-toplevel [53ms]
2025-01-15 07:51:44.033 [info] fatal: not a git repository (or any of the parent directories): .git
2025-01-15 07:51:44.037 [info] > git rev-parse --show-toplevel [2ms]
2025-01-15 07:51:44.038 [info] fatal: not a git repository (or any of the parent directories): .git
2025-01-15 07:51:44.042 [info] > git rev-parse --show-toplevel [2ms]
2025-01-15 07:51:44.042 [info] fatal: not a git repository (or any of the parent directories): .git
2025-01-15 07:51:44.060 [info] > git rev-parse --show-toplevel [9ms]
2025-01-15 07:51:44.060 [info] fatal: not a git repository (or any of the parent directories): .git
2025-01-15 07:51:44.063 [info] [Model][doInitialScan] Initial repository scan completed - repositories (0), closed repositories (0), parent repositories (0), unsafe repositories (0)
2025-01-15 07:51:46.814 [info] > git rev-parse --show-toplevel [2ms]
2025-01-15 07:51:46.814 [info] fatal: not a git repository (or any of the parent directories): .git
2025-01-15 07:51:48.914 [info] > git rev-parse --show-toplevel [1ms]
2025-01-15 07:51:48.915 [info] fatal: not a git repository (or any of the parent directories): .git
2025-01-15 07:52:03.993 [info] > git rev-parse --show-toplevel [1ms]
2025-01-15 07:52:03.993 [info] fatal: not a git repository (or any of the parent directories): .git
2025-01-15 07:52:05.168 [info] > git rev-parse --show-toplevel [3ms]
2025-01-15 07:52:05.168 [info] fatal: not a git repository (or any of the parent directories): .git
2025-01-15 07:52:06.143 [info] > git rev-parse --show-toplevel [3ms]
2025-01-15 07:52:06.143 [info] fatal: not a git repository (or any of the parent directories): .git
2025-01-15 07:52:07.290 [info] > git rev-parse --show-toplevel [1ms]
2025-01-15 07:52:07.291 [info] fatal: not a git repository (or any of the parent directories): .git
2025-01-15 07:52:08.770 [info] > git rev-parse --show-toplevel [4ms]
2025-01-15 07:52:08.770 [info] fatal: not a git repository (or any of the parent directories): .git
2025-01-15 07:52:10.519 [info] > git rev-parse --show-toplevel [3ms]
2025-01-15 07:52:10.519 [info] fatal: not a git repository (or any of the parent directories): .git
2025-01-15 07:52:21.892 [info] > git rev-parse --show-toplevel [2ms]
2025-01-15 07:52:21.892 [info] fatal: not a git repository (or any of the parent directories): .git
2025-01-15 07:57:19.820 [info] > git rev-parse --show-toplevel [7ms]
2025-01-15 07:57:19.820 [info] fatal: not a git repository (or any of the parent directories): .git
2025-01-15 07:58:54.125 [info] > git rev-parse --show-toplevel [27ms]
2025-01-15 07:58:54.135 [info] fatal: not a git repository (or any of the parent directories): .git
2025-01-15 08:07:46.388 [info] > git rev-parse --show-toplevel [3ms]
2025-01-15 08:07:46.389 [info] fatal: not a git repository (or any of the parent directories): .git
2025-01-15 08:09:23.215 [info] > git rev-parse --show-toplevel [11ms]
2025-01-15 08:09:23.215 [info] fatal: not a git repository (or any of the parent directories): .git
2025-01-15 08:09:23.908 [warning] [Model][getRepositoryExact] Failed to get repository realpath for: "/root/.vscode-server/extensions/.d6d7f915-ee0f-4f93-9882-3f4f15fd9c1d/". Error:Error: ENOENT: no such file or directory, realpath '/root/.vscode-server/extensions/.d6d7f915-ee0f-4f93-9882-3f4f15fd9c1d/'
2025-01-15 08:10:24.936 [info] > git rev-parse --show-toplevel [1ms]
2025-01-15 08:10:24.936 [info] fatal: not a git repository (or any of the parent directories): .git
2025-01-15 08:11:12.064 [info] > git rev-parse --show-toplevel [8ms]
2025-01-15 08:11:12.064 [info] fatal: not a git repository (or any of the parent directories): .git
2025-01-15 08:12:05.730 [info] > git rev-parse --show-toplevel [2ms]
2025-01-15 08:12:05.730 [info] fatal: not a git repository (or any of the parent directories): .git
2025-01-15 08:12:06.257 [info] > git rev-parse --show-toplevel [8ms]
2025-01-15 08:12:06.257 [info] fatal: not a git repository (or any of the parent directories): .git
2025-01-15 08:12:06.854 [warning] [Model][getRepositoryExact] Failed to get repository realpath for: "/root/.vscode-server/extensions/.03cecee1-a2dc-472d-a936-6408057cea1a/node_modules/has-symbols/". Error:Error: ENOENT: no such file or directory, realpath '/root/.vscode-server/extensions/.03cecee1-a2dc-472d-a936-6408057cea1a/node_modules/has-symbols/'
2025-01-15 08:12:06.859 [warning] [Model][getRepositoryExact] Failed to get repository realpath for: "/root/.vscode-server/extensions/.03cecee1-a2dc-472d-a936-6408057cea1a/node_modules/has-tostringtag/". Error:Error: ENOENT: no such file or directory, realpath '/root/.vscode-server/extensions/.03cecee1-a2dc-472d-a936-6408057cea1a/node_modules/has-tostringtag/'
2025-01-15 08:12:10.854 [info] > git rev-parse --show-toplevel [6ms]
2025-01-15 08:12:10.854 [info] fatal: not a git repository (or any of the parent directories): .git
2025-01-15 08:13:07.710 [info] > git rev-parse --show-toplevel [2ms]
2025-01-15 08:13:07.710 [info] fatal: not a git repository (or any of the parent directories): .git
2025-01-15 08:13:13.717 [info] > git rev-parse --show-toplevel [34ms]
2025-01-15 08:13:13.718 [info] fatal: not a git repository (or any of the parent directories): .git
2025-01-15 08:13:14.430 [info] > git rev-parse --show-toplevel [21ms]
2025-01-15 08:13:14.431 [info] fatal: not a git repository (or any of the parent directories): .git
2025-01-15 08:13:15.322 [info] > git rev-parse --show-toplevel [27ms]
2025-01-15 08:13:15.322 [info] fatal: not a git repository (or any of the parent directories): .git
2025-01-15 08:13:15.373 [info] > git rev-parse --show-toplevel [3ms]
2025-01-15 08:13:15.373 [info] fatal: not a git repository (or any of the parent directories): .git
