2025-01-16 04:05:26.777 [info] Extension host with pid 3569 started
2025-01-16 04:05:26.777 [error] Error: EEXIST: file already exists, open '/root/.vscode-server/data/User/workspaceStorage/026f441fe009255ee0d2478998dbc222/vscode.lock'
2025-01-16 04:05:26.781 [info] Lock '/root/.vscode-server/data/User/workspaceStorage/026f441fe009255ee0d2478998dbc222/vscode.lock': Could not acquire lock, checking if the file is stale.
2025-01-16 04:05:26.786 [info] Lock '/root/.vscode-server/data/User/workspaceStorage/026f441fe009255ee0d2478998dbc222/vscode.lock': The pid 4697 appears to be gone.
2025-01-16 04:05:26.786 [info] Lock '/root/.vscode-server/data/User/workspaceStorage/026f441fe009255ee0d2478998dbc222/vscode.lock': Deleting a stale lock.
2025-01-16 04:05:26.799 [info] Lock '/root/.vscode-server/data/User/workspaceStorage/026f441fe009255ee0d2478998dbc222/vscode.lock': Lock acquired.
2025-01-16 04:05:27.071 [info] ExtensionService#_doActivateExtension vscode.git-base, startup: false, activationEvent: '*', root cause: vscode.git
2025-01-16 04:05:27.092 [info] ExtensionService#_doActivateExtension vscode.emmet, startup: false, activationEvent: 'onLanguage'
2025-01-16 04:05:27.093 [info] ExtensionService#_doActivateExtension redhat.vscode-yaml, startup: false, activationEvent: 'onLanguage:yaml', root cause: ms-kubernetes-tools.vscode-kubernetes-tools
2025-01-16 04:05:27.358 [info] ExtensionService#_doActivateExtension ms-kubernetes-tools.vscode-kubernetes-tools, startup: false, activationEvent: 'onLanguage:yaml'
2025-01-16 04:05:28.414 [info] ExtensionService#_doActivateExtension vscode.git, startup: false, activationEvent: '*'
2025-01-16 04:05:28.416 [info] ExtensionService#_doActivateExtension vscode.github, startup: false, activationEvent: '*'
2025-01-16 04:05:29.226 [info] Eager extensions activated
2025-01-16 04:05:29.226 [info] ExtensionService#_doActivateExtension vscode.debug-auto-launch, startup: false, activationEvent: 'onStartupFinished'
2025-01-16 04:05:29.226 [info] ExtensionService#_doActivateExtension vscode.merge-conflict, startup: false, activationEvent: 'onStartupFinished'
2025-01-16 04:05:29.273 [warning] [redhat.vscode-yaml] Accessing a resource scoped configuration without providing a resource is not expected. To get the effective value for '[yaml]', provide the URI of a resource or 'null' for any resource.
2025-01-16 04:05:29.310 [warning] [redhat.vscode-yaml] Accessing a resource scoped configuration without providing a resource is not expected. To get the effective value for '[yaml]', provide the URI of a resource or 'null' for any resource.
2025-01-16 04:06:28.304 [info] ExtensionService#_doActivateExtension vscode.configuration-editing, startup: false, activationEvent: 'onLanguage:jsonc'
2025-01-16 04:06:28.305 [info] ExtensionService#_doActivateExtension vscode.json-language-features, startup: false, activationEvent: 'onLanguage:jsonc'
2025-01-16 04:06:28.305 [info] ExtensionService#_doActivateExtension vscode.typescript-language-features, startup: false, activationEvent: 'onLanguage:jsonc'
2025-01-16 04:13:49.542 [info] ExtensionService#_doActivateExtension vscode.npm, startup: false, activationEvent: 'onTerminalQuickFixRequest:ms-vscode.npm-command'
2025-01-16 04:13:54.710 [info] ExtensionService#_doActivateExtension vscode.extension-editing, startup: false, activationEvent: 'onLanguage:json'
2025-01-16 04:16:24.570 [warning] vscode.json-language-features - Code actions of kind 'quickfix' requested but returned code action is of kind 'source.sort.json'. Code action will be dropped. Please check 'CodeActionContext.only' to only return requested code actions.
2025-01-16 04:16:26.113 [warning] vscode.json-language-features - Code actions of kind 'quickfix' requested but returned code action is of kind 'source.sort.json'. Code action will be dropped. Please check 'CodeActionContext.only' to only return requested code actions.
2025-01-16 04:16:29.157 [warning] vscode.json-language-features - Code actions of kind 'quickfix' requested but returned code action is of kind 'source.sort.json'. Code action will be dropped. Please check 'CodeActionContext.only' to only return requested code actions.
2025-01-16 04:16:30.123 [warning] vscode.json-language-features - Code actions of kind 'quickfix' requested but returned code action is of kind 'source.sort.json'. Code action will be dropped. Please check 'CodeActionContext.only' to only return requested code actions.
2025-01-16 05:57:29.325 [warning] [redhat.vscode-yaml] Accessing a resource scoped configuration without providing a resource is not expected. To get the effective value for '[yaml]', provide the URI of a resource or 'null' for any resource.
2025-01-16 06:03:41.486 [error] AggregateError: 
	at internalConnectMultiple (node:net:1122:18)
	at internalConnectMultiple (node:net:1190:5)
	at Timeout.internalConnectMultipleTimeout (node:net:1716:5)
	at listOnTimeout (node:internal/timers:583:11)
	at process.processTimers (node:internal/timers:519:7)
2025-01-16 06:03:44.357 [error] AggregateError: 
	at internalConnectMultiple (node:net:1122:18)
	at internalConnectMultiple (node:net:1190:5)
	at Timeout.internalConnectMultipleTimeout (node:net:1716:5)
	at listOnTimeout (node:internal/timers:583:11)
	at process.processTimers (node:internal/timers:519:7)
2025-01-16 06:03:47.421 [info] ExtensionService#_doActivateExtension vscode.html-language-features, startup: false, activationEvent: 'onLanguage:html'
