2025-01-15 05:36:45.873 [info] Extension host with pid 8214 started
2025-01-15 05:36:45.972 [info] ExtensionService#_doActivateExtension vscode.git-base, startup: true, activationEvent: '*', root cause: vscode.git
2025-01-15 05:36:45.991 [info] ExtensionService#_doActivateExtension vscode.git, startup: true, activationEvent: '*'
2025-01-15 05:36:45.991 [info] ExtensionService#_doActivateExtension vscode.github, startup: true, activationEvent: '*'
2025-01-15 05:36:46.364 [info] Eager extensions activated
2025-01-15 05:36:46.365 [info] ExtensionService#_doActivateExtension vscode.debug-auto-launch, startup: false, activationEvent: 'onStartupFinished'
2025-01-15 05:36:46.366 [info] ExtensionService#_doActivateExtension vscode.merge-conflict, startup: false, activationEvent: 'onStartupFinished'
2025-01-15 05:36:48.771 [error] AggregateError: 
	at internalConnectMultiple (node:net:1122:18)
	at internalConnectMultiple (node:net:1190:5)
	at Timeout.internalConnectMultipleTimeout (node:net:1716:5)
	at listOnTimeout (node:internal/timers:583:11)
	at process.processTimers (node:internal/timers:519:7)
2025-01-15 05:36:51.833 [error] AggregateError: 
	at internalConnectMultiple (node:net:1122:18)
	at internalConnectMultiple (node:net:1190:5)
	at Timeout.internalConnectMultipleTimeout (node:net:1716:5)
	at listOnTimeout (node:internal/timers:583:11)
	at process.processTimers (node:internal/timers:519:7)
2025-01-15 05:37:03.087 [info] ExtensionService#_doActivateExtension vscode.npm, startup: false, activationEvent: 'onTerminalQuickFixRequest:ms-vscode.npm-command'
